  [4;36;1mSQL (0.3ms)[0m   [0;1m SELECT name
 FROM sqlite_master
 WHERE type = 'table' AND NOT name = 'sqlite_sequence'
[0m
  [4;35;1mSQL (22.6ms)[0m   [0mselect sqlite_version(*)[0m
  [4;36;1mSQL (6.4ms)[0m   [0;1mCREATE TABLE "schema_migrations" ("version" varchar(255) NOT NULL) [0m
  [4;35;1mSQL (2.2ms)[0m   [0mCREATE UNIQUE INDEX "unique_schema_migrations" ON "schema_migrations" ("version")[0m
  [4;36;1mSQL (0.3ms)[0m   [0;1m SELECT name
 FROM sqlite_master
 WHERE type = 'table' AND NOT name = 'sqlite_sequence'
[0m
  [4;35;1mSQL (0.1ms)[0m   [0mSELECT version FROM schema_migrations[0m
  [4;36;1mSQL (0.4ms)[0m   [0;1m SELECT name
 FROM sqlite_master
 WHERE type = 'table' AND NOT name = 'sqlite_sequence'
[0m
  [4;35;1mSQL (0.1ms)[0m   [0mSELECT version FROM schema_migrations[0m
Migrating to CreatePatients (20090415160836)
  [4;36;1mSQL (0.1ms)[0m   [0;1mselect sqlite_version(*)[0m
  [4;35;1mSQL (0.7ms)[0m   [0mCREATE TABLE "patients" ("id" INTEGER PRIMARY KEY AUTOINCREMENT NOT NULL, "mrd_pt_id" varchar(255), "type" varchar(255), "mrn" varchar(255), "mrn_type" varchar(255), "last_name" varchar(255), "first_name" varchar(255), "birth_date" date, "death_date" date, "address_line1" varchar(255), "address_line2" varchar(255), "city" varchar(255), "state" varchar(255), "zip" varchar(255), "phone" varchar(255), "work_phone" varchar(255), "work_phone_extension" varchar(255)) [0m
  [4;36;1mSQL (0.1ms)[0m   [0;1mINSERT INTO schema_migrations (version) VALUES ('20090415160836')[0m
Migrating to CreatePatientOnProtocolStatus (20090415161859)
  [4;35;1mSQL (0.5ms)[0m   [0mCREATE TABLE "patient_on_protocol_status" ("id" INTEGER PRIMARY KEY AUTOINCREMENT NOT NULL, "patient_on_protocol_id" integer, "status" varchar(255), "start_date" date) [0m
  [4;36;1mSQL (0.2ms)[0m   [0;1mINSERT INTO schema_migrations (version) VALUES ('20090415161859')[0m
Migrating to CreateProtocols (20090423174225)
  [4;35;1mSQL (0.6ms)[0m   [0mCREATE TABLE "protocols" ("id" INTEGER PRIMARY KEY AUTOINCREMENT NOT NULL, "irb_number" varchar(255)) [0m
  [4;36;1mSQL (0.1ms)[0m   [0;1mINSERT INTO schema_migrations (version) VALUES ('20090423174225')[0m
Migrating to CreatePatientOnProtocols (20090512161752)
  [4;36;1mSQL (0.4ms)[0m   [0;1m SELECT name
 FROM sqlite_master
 WHERE type = 'table' AND NOT name = 'sqlite_sequence'
[0m
  [4;35;1mSQL (0.2ms)[0m   [0mselect sqlite_version(*)[0m
  [4;36;1mSQL (2.5ms)[0m   [0;1mCREATE TABLE "schema_migrations" ("version" varchar(255) NOT NULL) [0m
  [4;35;1mSQL (2.2ms)[0m   [0mCREATE UNIQUE INDEX "unique_schema_migrations" ON "schema_migrations" ("version")[0m
  [4;36;1mSQL (0.2ms)[0m   [0;1m SELECT name
 FROM sqlite_master
 WHERE type = 'table' AND NOT name = 'sqlite_sequence'
[0m
  [4;35;1mSQL (0.2ms)[0m   [0mSELECT version FROM schema_migrations[0m
Migrating to CreatePatients (20090415160836)
  [4;36;1mSQL (0.7ms)[0m   [0;1mCREATE TABLE "patients" ("id" INTEGER PRIMARY KEY AUTOINCREMENT NOT NULL, "mrd_pt_id" varchar(255), "type" varchar(255), "mrn" varchar(255), "mrn_type" varchar(255), "last_name" varchar(255), "first_name" varchar(255), "birth_date" date, "death_date" date, "address_line1" varchar(255), "address_line2" varchar(255), "city" varchar(255), "state" varchar(255), "zip" varchar(255), "phone" varchar(255), "work_phone" varchar(255), "work_phone_extension" varchar(255)) [0m
  [4;35;1mSQL (0.1ms)[0m   [0mINSERT INTO schema_migrations (version) VALUES ('20090415160836')[0m
Migrating to CreatePatientOnProtocolStatus (20090415161859)
  [4;36;1mSQL (0.6ms)[0m   [0;1mCREATE TABLE "patient_on_protocol_status" ("id" INTEGER PRIMARY KEY AUTOINCREMENT NOT NULL, "patient_on_protocol_id" integer, "status" varchar(255), "start_date" date) [0m
  [4;35;1mSQL (0.2ms)[0m   [0mINSERT INTO schema_migrations (version) VALUES ('20090415161859')[0m
Migrating to CreateProtocols (20090423174225)
  [4;36;1mSQL (0.6ms)[0m   [0;1mCREATE TABLE "protocols" ("id" INTEGER PRIMARY KEY AUTOINCREMENT NOT NULL, "irb_number" varchar(255)) [0m
  [4;35;1mSQL (0.1ms)[0m   [0mINSERT INTO schema_migrations (version) VALUES ('20090423174225')[0m
Migrating to CreatePatientsOnProtocols (20090512161752)
  [4;36;1mSQL (0.2ms)[0m   [0;1m SELECT name
 FROM sqlite_master
 WHERE type = 'table' AND NOT name = 'sqlite_sequence'
[0m
  [4;35;1mSQL (0.1ms)[0m   [0mselect sqlite_version(*)[0m
  [4;36;1mSQL (3.6ms)[0m   [0;1mCREATE TABLE "schema_migrations" ("version" varchar(255) NOT NULL) [0m
  [4;35;1mSQL (2.3ms)[0m   [0mCREATE UNIQUE INDEX "unique_schema_migrations" ON "schema_migrations" ("version")[0m
  [4;36;1mSQL (0.3ms)[0m   [0;1m SELECT name
 FROM sqlite_master
 WHERE type = 'table' AND NOT name = 'sqlite_sequence'
[0m
  [4;35;1mSQL (0.1ms)[0m   [0mSELECT version FROM schema_migrations[0m
Migrating to CreatePatients (20090415160836)
  [4;36;1mSQL (0.7ms)[0m   [0;1mCREATE TABLE "patients" ("id" INTEGER PRIMARY KEY AUTOINCREMENT NOT NULL, "mrd_pt_id" varchar(255), "type" varchar(255), "mrn" varchar(255), "mrn_type" varchar(255), "last_name" varchar(255), "first_name" varchar(255), "birth_date" date, "death_date" date, "address_line1" varchar(255), "address_line2" varchar(255), "city" varchar(255), "state" varchar(255), "zip" varchar(255), "phone" varchar(255), "work_phone" varchar(255), "work_phone_extension" varchar(255)) [0m
  [4;35;1mSQL (0.3ms)[0m   [0mINSERT INTO schema_migrations (version) VALUES ('20090415160836')[0m
Migrating to CreatePatientOnProtocolStatus (20090415161859)
  [4;36;1mSQL (0.5ms)[0m   [0;1mCREATE TABLE "patient_on_protocol_status" ("id" INTEGER PRIMARY KEY AUTOINCREMENT NOT NULL, "patient_on_protocol_id" integer, "status" varchar(255), "start_date" date) [0m
  [4;35;1mSQL (0.1ms)[0m   [0mINSERT INTO schema_migrations (version) VALUES ('20090415161859')[0m
Migrating to CreateProtocols (20090423174225)
  [4;36;1mSQL (0.7ms)[0m   [0;1mCREATE TABLE "protocols" ("id" INTEGER PRIMARY KEY AUTOINCREMENT NOT NULL, "irb_number" varchar(255)) [0m
  [4;35;1mSQL (0.1ms)[0m   [0mINSERT INTO schema_migrations (version) VALUES ('20090423174225')[0m
Migrating to CreatePatientsOnProtocols (20090512161752)
  [4;36;1mSQL (0.6ms)[0m   [0;1mCREATE TABLE "patients_on_protocols" ("id" INTEGER PRIMARY KEY AUTOINCREMENT NOT NULL, "patient_id" integer, "protocol_id" integer, "patient_on_protocol_status_id" integer, "created_at" datetime, "updated_at" datetime) [0m
  [4;35;1mSQL (0.1ms)[0m   [0mINSERT INTO schema_migrations (version) VALUES ('20090512161752')[0m
  [4;36;1mSQL (0.4ms)[0m   [0;1m SELECT name
 FROM sqlite_master
 WHERE type = 'table' AND NOT name = 'sqlite_sequence'
[0m
  [4;35;1mSQL (0.2ms)[0m   [0mSELECT version FROM schema_migrations[0m
  [4;36;1mSQL (0.2ms)[0m   [0;1m SELECT name
 FROM sqlite_master
 WHERE type = 'table' AND NOT name = 'sqlite_sequence'
[0m
  [4;35;1mSQL (21.9ms)[0m   [0mPRAGMA index_list("patient_on_protocol_status")[0m
  [4;36;1mSQL (0.1ms)[0m   [0;1mPRAGMA index_list("patients")[0m
  [4;35;1mSQL (0.1ms)[0m   [0mPRAGMA index_list("patients_on_protocols")[0m
  [4;36;1mSQL (0.0ms)[0m   [0;1mPRAGMA index_list("protocols")[0m
  [4;36;1mSQL (0.9ms)[0m   [0;1m SELECT name
 FROM sqlite_master
 WHERE type = 'table' AND NOT name = 'sqlite_sequence'
[0m
  [4;35;1mSQL (0.3ms)[0m   [0mSELECT version FROM schema_migrations[0m
  [4;36;1mSQL (0.8ms)[0m   [0;1m SELECT name
 FROM sqlite_master
 WHERE type = 'table' AND NOT name = 'sqlite_sequence'
[0m
  [4;35;1mSQL (0.3ms)[0m   [0mSELECT version FROM schema_migrations[0m
Migrating to CreatePatients (20090415160836)
Migrating to CreatePatientOnProtocolStatus (20090415161859)
Migrating to CreateProtocols (20090423174225)
Migrating to CreatePatientsOnProtocols (20090512161752)
Migrating to CreateUsers (20090512205121)
  [4;36;1mSQL (0.1ms)[0m   [0;1mselect sqlite_version(*)[0m
  [4;35;1mSQL (0.7ms)[0m   [0mCREATE TABLE "users" ("id" INTEGER PRIMARY KEY AUTOINCREMENT NOT NULL, "created_at" datetime, "updated_at" datetime) [0m
  [4;36;1mSQL (0.1ms)[0m   [0;1mINSERT INTO schema_migrations (version) VALUES ('20090512205121')[0m
  [4;35;1mSQL (0.3ms)[0m   [0m SELECT name
 FROM sqlite_master
 WHERE type = 'table' AND NOT name = 'sqlite_sequence'
[0m
  [4;36;1mSQL (0.2ms)[0m   [0;1mSELECT version FROM schema_migrations[0m
  [4;35;1mSQL (0.3ms)[0m   [0m SELECT name
 FROM sqlite_master
 WHERE type = 'table' AND NOT name = 'sqlite_sequence'
[0m
  [4;36;1mSQL (0.0ms)[0m   [0;1mPRAGMA index_list("patient_on_protocol_status")[0m
  [4;35;1mSQL (0.0ms)[0m   [0mPRAGMA index_list("patients")[0m
  [4;36;1mSQL (0.0ms)[0m   [0;1mPRAGMA index_list("patients_on_protocols")[0m
  [4;35;1mSQL (0.0ms)[0m   [0mPRAGMA index_list("protocols")[0m
  [4;36;1mSQL (0.0ms)[0m   [0;1mPRAGMA index_list("users")[0m
  [4;36;1mSQL (0.3ms)[0m   [0;1m SELECT name
 FROM sqlite_master
 WHERE type = 'table' AND NOT name = 'sqlite_sequence'
[0m
  [4;35;1mSQL (0.1ms)[0m   [0mselect sqlite_version(*)[0m
  [4;36;1mSQL (5.8ms)[0m   [0;1mCREATE TABLE "schema_migrations" ("version" varchar(255) NOT NULL) [0m
  [4;35;1mSQL (2.1ms)[0m   [0mCREATE UNIQUE INDEX "unique_schema_migrations" ON "schema_migrations" ("version")[0m
  [4;36;1mSQL (0.3ms)[0m   [0;1m SELECT name
 FROM sqlite_master
 WHERE type = 'table' AND NOT name = 'sqlite_sequence'
[0m
  [4;35;1mSQL (0.1ms)[0m   [0mSELECT version FROM schema_migrations[0m
Migrating to CreatePatients (20090415160836)
  [4;36;1mSQL (0.7ms)[0m   [0;1mCREATE TABLE "patients" ("id" INTEGER PRIMARY KEY AUTOINCREMENT NOT NULL, "mrd_pt_id" varchar(255), "type" varchar(255), "mrn" varchar(255), "mrn_type" varchar(255), "last_name" varchar(255), "first_name" varchar(255), "birth_date" date, "death_date" date, "address_line1" varchar(255), "address_line2" varchar(255), "city" varchar(255), "state" varchar(255), "zip" varchar(255), "phone" varchar(255), "work_phone" varchar(255), "work_phone_extension" varchar(255)) [0m
  [4;35;1mSQL (0.2ms)[0m   [0mINSERT INTO schema_migrations (version) VALUES ('20090415160836')[0m
Migrating to CreatePatientOnProtocolStatus (20090415161859)
  [4;36;1mSQL (0.6ms)[0m   [0;1mCREATE TABLE "patient_on_protocol_status" ("id" INTEGER PRIMARY KEY AUTOINCREMENT NOT NULL, "patient_on_protocol_id" integer, "status" varchar(255), "start_date" date) [0m
  [4;35;1mSQL (1.0ms)[0m   [0mINSERT INTO schema_migrations (version) VALUES ('20090415161859')[0m
Migrating to CreateProtocols (20090423174225)
  [4;36;1mSQL (0.4ms)[0m   [0;1mCREATE TABLE "protocols" ("id" INTEGER PRIMARY KEY AUTOINCREMENT NOT NULL, "irb_number" varchar(255)) [0m
  [4;35;1mSQL (0.1ms)[0m   [0mINSERT INTO schema_migrations (version) VALUES ('20090423174225')[0m
Migrating to CreatePatientsOnProtocols (20090512161752)
  [4;36;1mSQL (0.5ms)[0m   [0;1mCREATE TABLE "patients_on_protocols" ("id" INTEGER PRIMARY KEY AUTOINCREMENT NOT NULL, "patient_id" integer, "protocol_id" integer, "patient_on_protocol_status_id" integer, "created_at" datetime, "updated_at" datetime) [0m
  [4;35;1mSQL (0.1ms)[0m   [0mINSERT INTO schema_migrations (version) VALUES ('20090512161752')[0m
Migrating to CreateUsers (20090512205121)
  [4;36;1mSQL (0.5ms)[0m   [0;1mCREATE TABLE "users" ("id" INTEGER PRIMARY KEY AUTOINCREMENT NOT NULL, "netid" varchar(255), "created_at" datetime, "updated_at" datetime) [0m
  [4;35;1mSQL (0.1ms)[0m   [0mINSERT INTO schema_migrations (version) VALUES ('20090512205121')[0m
  [4;36;1mSQL (0.7ms)[0m   [0;1m SELECT name
 FROM sqlite_master
 WHERE type = 'table' AND NOT name = 'sqlite_sequence'
[0m
  [4;35;1mSQL (0.6ms)[0m   [0mSELECT version FROM schema_migrations[0m
  [4;36;1mSQL (0.5ms)[0m   [0;1m SELECT name
 FROM sqlite_master
 WHERE type = 'table' AND NOT name = 'sqlite_sequence'
[0m
  [4;35;1mSQL (0.1ms)[0m   [0mPRAGMA index_list("patient_on_protocol_status")[0m
  [4;36;1mSQL (0.0ms)[0m   [0;1mPRAGMA index_list("patients")[0m
  [4;35;1mSQL (0.1ms)[0m   [0mPRAGMA index_list("patients_on_protocols")[0m
  [4;36;1mSQL (0.0ms)[0m   [0;1mPRAGMA index_list("protocols")[0m
  [4;35;1mSQL (0.0ms)[0m   [0mPRAGMA index_list("users")[0m
  [4;36;1mSQL (0.5ms)[0m   [0;1m SELECT name
 FROM sqlite_master
 WHERE type = 'table' AND NOT name = 'sqlite_sequence'
[0m
  [4;35;1mSQL (0.2ms)[0m   [0mSELECT version FROM schema_migrations[0m
  [4;36;1mSQL (0.1ms)[0m   [0;1mselect sqlite_version(*)[0m
  [4;35;1mSQL (0.3ms)[0m   [0m SELECT name
 FROM sqlite_master
 WHERE type = 'table' AND NOT name = 'sqlite_sequence'
[0m
  [4;36;1mSQL (3.2ms)[0m   [0;1mCREATE TABLE "patient_on_protocol_status" ("id" INTEGER PRIMARY KEY AUTOINCREMENT NOT NULL, "patient_on_protocol_id" integer, "status" varchar(255), "start_date" date) [0m
  [4;35;1mSQL (0.4ms)[0m   [0m SELECT name
 FROM sqlite_master
 WHERE type = 'table' AND NOT name = 'sqlite_sequence'
[0m
  [4;36;1mSQL (4.3ms)[0m   [0;1mCREATE TABLE "patients" ("id" INTEGER PRIMARY KEY AUTOINCREMENT NOT NULL, "mrd_pt_id" varchar(255), "type" varchar(255), "mrn" varchar(255), "mrn_type" varchar(255), "last_name" varchar(255), "first_name" varchar(255), "birth_date" date, "death_date" date, "address_line1" varchar(255), "address_line2" varchar(255), "city" varchar(255), "state" varchar(255), "zip" varchar(255), "phone" varchar(255), "work_phone" varchar(255), "work_phone_extension" varchar(255)) [0m
  [4;35;1mSQL (0.3ms)[0m   [0m SELECT name
 FROM sqlite_master
 WHERE type = 'table' AND NOT name = 'sqlite_sequence'
[0m
  [4;36;1mSQL (2.6ms)[0m   [0;1mCREATE TABLE "patients_on_protocols" ("id" INTEGER PRIMARY KEY AUTOINCREMENT NOT NULL, "patient_id" integer, "protocol_id" integer, "patient_on_protocol_status_id" integer, "created_at" datetime, "updated_at" datetime) [0m
  [4;35;1mSQL (0.2ms)[0m   [0m SELECT name
 FROM sqlite_master
 WHERE type = 'table' AND NOT name = 'sqlite_sequence'
[0m
  [4;36;1mSQL (2.3ms)[0m   [0;1mCREATE TABLE "protocols" ("id" INTEGER PRIMARY KEY AUTOINCREMENT NOT NULL, "irb_number" varchar(255)) [0m
  [4;35;1mSQL (0.3ms)[0m   [0m SELECT name
 FROM sqlite_master
 WHERE type = 'table' AND NOT name = 'sqlite_sequence'
[0m
  [4;36;1mSQL (2.3ms)[0m   [0;1mCREATE TABLE "users" ("id" INTEGER PRIMARY KEY AUTOINCREMENT NOT NULL, "netid" varchar(255), "created_at" datetime, "updated_at" datetime) [0m
  [4;35;1mSQL (0.4ms)[0m   [0m SELECT name
 FROM sqlite_master
 WHERE type = 'table' AND NOT name = 'sqlite_sequence'
[0m
  [4;36;1mSQL (2.5ms)[0m   [0;1mCREATE TABLE "schema_migrations" ("version" varchar(255) NOT NULL) [0m
  [4;35;1mSQL (2.3ms)[0m   [0mCREATE UNIQUE INDEX "unique_schema_migrations" ON "schema_migrations" ("version")[0m
  [4;36;1mSQL (1.0ms)[0m   [0;1m SELECT name
 FROM sqlite_master
 WHERE type = 'table' AND NOT name = 'sqlite_sequence'
[0m
  [4;35;1mSQL (0.2ms)[0m   [0mSELECT version FROM "schema_migrations"[0m
  [4;36;1mSQL (2.7ms)[0m   [0;1mINSERT INTO "schema_migrations" (version) VALUES ('20090512205121')[0m
  [4;35;1mSQL (2.3ms)[0m   [0mINSERT INTO "schema_migrations" (version) VALUES ('20090415160836')[0m
  [4;36;1mSQL (1.7ms)[0m   [0;1mINSERT INTO "schema_migrations" (version) VALUES ('20090415161859')[0m
  [4;35;1mSQL (1.8ms)[0m   [0mINSERT INTO "schema_migrations" (version) VALUES ('20090423174225')[0m
  [4;36;1mSQL (2.1ms)[0m   [0;1mINSERT INTO "schema_migrations" (version) VALUES ('20090512161752')[0m
  [4;36;1mSQL (0.6ms)[0m   [0;1m SELECT name
 FROM sqlite_master
 WHERE type = 'table' AND NOT name = 'sqlite_sequence'
[0m
  [4;35;1mSQL (0.2ms)[0m   [0mSELECT version FROM schema_migrations[0m
  [4;36;1mSQL (0.1ms)[0m   [0;1mselect sqlite_version(*)[0m
  [4;35;1mSQL (0.2ms)[0m   [0m SELECT name
 FROM sqlite_master
 WHERE type = 'table' AND NOT name = 'sqlite_sequence'
[0m
  [4;36;1mSQL (2.5ms)[0m   [0;1mCREATE TABLE "patient_on_protocol_status" ("id" INTEGER PRIMARY KEY AUTOINCREMENT NOT NULL, "patient_on_protocol_id" integer, "status" varchar(255), "start_date" date) [0m
  [4;35;1mSQL (0.2ms)[0m   [0m SELECT name
 FROM sqlite_master
 WHERE type = 'table' AND NOT name = 'sqlite_sequence'
[0m
  [4;36;1mSQL (2.3ms)[0m   [0;1mCREATE TABLE "patients" ("id" INTEGER PRIMARY KEY AUTOINCREMENT NOT NULL, "mrd_pt_id" varchar(255), "type" varchar(255), "mrn" varchar(255), "mrn_type" varchar(255), "last_name" varchar(255), "first_name" varchar(255), "birth_date" date, "death_date" date, "address_line1" varchar(255), "address_line2" varchar(255), "city" varchar(255), "state" varchar(255), "zip" varchar(255), "phone" varchar(255), "work_phone" varchar(255), "work_phone_extension" varchar(255)) [0m
  [4;35;1mSQL (0.2ms)[0m   [0m SELECT name
 FROM sqlite_master
 WHERE type = 'table' AND NOT name = 'sqlite_sequence'
[0m
  [4;36;1mSQL (3.7ms)[0m   [0;1mCREATE TABLE "patients_on_protocols" ("id" INTEGER PRIMARY KEY AUTOINCREMENT NOT NULL, "patient_id" integer, "protocol_id" integer, "patient_on_protocol_status_id" integer, "created_at" datetime, "updated_at" datetime) [0m
  [4;35;1mSQL (0.4ms)[0m   [0m SELECT name
 FROM sqlite_master
 WHERE type = 'table' AND NOT name = 'sqlite_sequence'
[0m
  [4;36;1mSQL (2.5ms)[0m   [0;1mCREATE TABLE "protocols" ("id" INTEGER PRIMARY KEY AUTOINCREMENT NOT NULL, "irb_number" varchar(255)) [0m
  [4;35;1mSQL (0.4ms)[0m   [0m SELECT name
 FROM sqlite_master
 WHERE type = 'table' AND NOT name = 'sqlite_sequence'
[0m
  [4;36;1mSQL (2.8ms)[0m   [0;1mCREATE TABLE "users" ("id" INTEGER PRIMARY KEY AUTOINCREMENT NOT NULL, "netid" varchar(255), "created_at" datetime, "updated_at" datetime) [0m
  [4;35;1mSQL (0.4ms)[0m   [0m SELECT name
 FROM sqlite_master
 WHERE type = 'table' AND NOT name = 'sqlite_sequence'
[0m
  [4;36;1mSQL (2.0ms)[0m   [0;1mCREATE TABLE "schema_migrations" ("version" varchar(255) NOT NULL) [0m
  [4;35;1mSQL (1.8ms)[0m   [0mCREATE UNIQUE INDEX "unique_schema_migrations" ON "schema_migrations" ("version")[0m
  [4;36;1mSQL (0.3ms)[0m   [0;1m SELECT name
 FROM sqlite_master
 WHERE type = 'table' AND NOT name = 'sqlite_sequence'
[0m
  [4;35;1mSQL (0.1ms)[0m   [0mSELECT version FROM "schema_migrations"[0m
  [4;36;1mSQL (2.0ms)[0m   [0;1mINSERT INTO "schema_migrations" (version) VALUES ('20090512205121')[0m
  [4;35;1mSQL (2.4ms)[0m   [0mINSERT INTO "schema_migrations" (version) VALUES ('20090415160836')[0m
  [4;36;1mSQL (2.2ms)[0m   [0;1mINSERT INTO "schema_migrations" (version) VALUES ('20090415161859')[0m
  [4;35;1mSQL (1.8ms)[0m   [0mINSERT INTO "schema_migrations" (version) VALUES ('20090423174225')[0m
  [4;36;1mSQL (1.8ms)[0m   [0;1mINSERT INTO "schema_migrations" (version) VALUES ('20090512161752')[0m
  [4;36;1mSQL (0.8ms)[0m   [0;1m SELECT name
 FROM sqlite_master
 WHERE type = 'table' AND NOT name = 'sqlite_sequence'
[0m
  [4;35;1mSQL (0.2ms)[0m   [0mSELECT version FROM schema_migrations[0m
  [4;36;1mSQL (0.1ms)[0m   [0;1mselect sqlite_version(*)[0m
  [4;35;1mSQL (0.2ms)[0m   [0m SELECT name
 FROM sqlite_master
 WHERE type = 'table' AND NOT name = 'sqlite_sequence'
[0m
  [4;36;1mSQL (2.2ms)[0m   [0;1mCREATE TABLE "patient_on_protocol_status" ("id" INTEGER PRIMARY KEY AUTOINCREMENT NOT NULL, "patient_on_protocol_id" integer, "status" varchar(255), "start_date" date) [0m
  [4;35;1mSQL (0.3ms)[0m   [0m SELECT name
 FROM sqlite_master
 WHERE type = 'table' AND NOT name = 'sqlite_sequence'
[0m
  [4;36;1mSQL (1.7ms)[0m   [0;1mCREATE TABLE "patients" ("id" INTEGER PRIMARY KEY AUTOINCREMENT NOT NULL, "mrd_pt_id" varchar(255), "type" varchar(255), "mrn" varchar(255), "mrn_type" varchar(255), "last_name" varchar(255), "first_name" varchar(255), "birth_date" date, "death_date" date, "address_line1" varchar(255), "address_line2" varchar(255), "city" varchar(255), "state" varchar(255), "zip" varchar(255), "phone" varchar(255), "work_phone" varchar(255), "work_phone_extension" varchar(255)) [0m
  [4;35;1mSQL (0.2ms)[0m   [0m SELECT name
 FROM sqlite_master
 WHERE type = 'table' AND NOT name = 'sqlite_sequence'
[0m
  [4;36;1mSQL (28.1ms)[0m   [0;1mCREATE TABLE "patients_on_protocols" ("id" INTEGER PRIMARY KEY AUTOINCREMENT NOT NULL, "patient_id" integer, "protocol_id" integer, "patient_on_protocol_status_id" integer, "created_at" datetime, "updated_at" datetime) [0m
  [4;35;1mSQL (0.3ms)[0m   [0m SELECT name
 FROM sqlite_master
 WHERE type = 'table' AND NOT name = 'sqlite_sequence'
[0m
  [4;36;1mSQL (10.7ms)[0m   [0;1mCREATE TABLE "protocols" ("id" INTEGER PRIMARY KEY AUTOINCREMENT NOT NULL, "irb_number" varchar(255)) [0m
  [4;35;1mSQL (0.3ms)[0m   [0m SELECT name
 FROM sqlite_master
 WHERE type = 'table' AND NOT name = 'sqlite_sequence'
[0m
  [4;36;1mSQL (7.7ms)[0m   [0;1mCREATE TABLE "users" ("id" INTEGER PRIMARY KEY AUTOINCREMENT NOT NULL, "netid" varchar(255), "created_at" datetime, "updated_at" datetime) [0m
  [4;35;1mSQL (0.4ms)[0m   [0m SELECT name
 FROM sqlite_master
 WHERE type = 'table' AND NOT name = 'sqlite_sequence'
[0m
  [4;36;1mSQL (4.3ms)[0m   [0;1mCREATE TABLE "schema_migrations" ("version" varchar(255) NOT NULL) [0m
  [4;35;1mSQL (4.4ms)[0m   [0mCREATE UNIQUE INDEX "unique_schema_migrations" ON "schema_migrations" ("version")[0m
  [4;36;1mSQL (0.3ms)[0m   [0;1m SELECT name
 FROM sqlite_master
 WHERE type = 'table' AND NOT name = 'sqlite_sequence'
[0m
  [4;35;1mSQL (0.1ms)[0m   [0mSELECT version FROM "schema_migrations"[0m
  [4;36;1mSQL (5.2ms)[0m   [0;1mINSERT INTO "schema_migrations" (version) VALUES ('20090512205121')[0m
  [4;35;1mSQL (5.1ms)[0m   [0mINSERT INTO "schema_migrations" (version) VALUES ('20090415160836')[0m
  [4;36;1mSQL (7.4ms)[0m   [0;1mINSERT INTO "schema_migrations" (version) VALUES ('20090415161859')[0m
  [4;35;1mSQL (3.5ms)[0m   [0mINSERT INTO "schema_migrations" (version) VALUES ('20090423174225')[0m
  [4;36;1mSQL (8.2ms)[0m   [0;1mINSERT INTO "schema_migrations" (version) VALUES ('20090512161752')[0m
  [4;36;1mSQL (0.6ms)[0m   [0;1m SELECT name
 FROM sqlite_master
 WHERE type = 'table' AND NOT name = 'sqlite_sequence'
[0m
  [4;35;1mSQL (0.2ms)[0m   [0mSELECT version FROM schema_migrations[0m
  [4;36;1mSQL (0.1ms)[0m   [0;1mselect sqlite_version(*)[0m
  [4;35;1mSQL (0.2ms)[0m   [0m SELECT name
 FROM sqlite_master
 WHERE type = 'table' AND NOT name = 'sqlite_sequence'
[0m
  [4;36;1mSQL (2.4ms)[0m   [0;1mCREATE TABLE "patient_on_protocol_status" ("id" INTEGER PRIMARY KEY AUTOINCREMENT NOT NULL, "patient_on_protocol_id" integer, "status" varchar(255), "start_date" date) [0m
  [4;35;1mSQL (0.3ms)[0m   [0m SELECT name
 FROM sqlite_master
 WHERE type = 'table' AND NOT name = 'sqlite_sequence'
[0m
  [4;36;1mSQL (2.8ms)[0m   [0;1mCREATE TABLE "patients" ("id" INTEGER PRIMARY KEY AUTOINCREMENT NOT NULL, "mrd_pt_id" varchar(255), "type" varchar(255), "mrn" varchar(255), "mrn_type" varchar(255), "last_name" varchar(255), "first_name" varchar(255), "birth_date" date, "death_date" date, "address_line1" varchar(255), "address_line2" varchar(255), "city" varchar(255), "state" varchar(255), "zip" varchar(255), "phone" varchar(255), "work_phone" varchar(255), "work_phone_extension" varchar(255)) [0m
  [4;35;1mSQL (0.4ms)[0m   [0m SELECT name
 FROM sqlite_master
 WHERE type = 'table' AND NOT name = 'sqlite_sequence'
[0m
  [4;36;1mSQL (2.7ms)[0m   [0;1mCREATE TABLE "patients_on_protocols" ("id" INTEGER PRIMARY KEY AUTOINCREMENT NOT NULL, "patient_id" integer, "protocol_id" integer, "patient_on_protocol_status_id" integer, "created_at" datetime, "updated_at" datetime) [0m
  [4;35;1mSQL (0.3ms)[0m   [0m SELECT name
 FROM sqlite_master
 WHERE type = 'table' AND NOT name = 'sqlite_sequence'
[0m
  [4;36;1mSQL (2.5ms)[0m   [0;1mCREATE TABLE "protocols" ("id" INTEGER PRIMARY KEY AUTOINCREMENT NOT NULL, "irb_number" varchar(255)) [0m
  [4;35;1mSQL (0.3ms)[0m   [0m SELECT name
 FROM sqlite_master
 WHERE type = 'table' AND NOT name = 'sqlite_sequence'
[0m
  [4;36;1mSQL (2.0ms)[0m   [0;1mCREATE TABLE "users" ("id" INTEGER PRIMARY KEY AUTOINCREMENT NOT NULL, "netid" varchar(255), "created_at" datetime, "updated_at" datetime) [0m
  [4;35;1mSQL (0.3ms)[0m   [0m SELECT name
 FROM sqlite_master
 WHERE type = 'table' AND NOT name = 'sqlite_sequence'
[0m
  [4;36;1mSQL (2.5ms)[0m   [0;1mCREATE TABLE "schema_migrations" ("version" varchar(255) NOT NULL) [0m
  [4;35;1mSQL (2.5ms)[0m   [0mCREATE UNIQUE INDEX "unique_schema_migrations" ON "schema_migrations" ("version")[0m
  [4;36;1mSQL (0.7ms)[0m   [0;1m SELECT name
 FROM sqlite_master
 WHERE type = 'table' AND NOT name = 'sqlite_sequence'
[0m
  [4;35;1mSQL (0.2ms)[0m   [0mSELECT version FROM "schema_migrations"[0m
  [4;36;1mSQL (2.3ms)[0m   [0;1mINSERT INTO "schema_migrations" (version) VALUES ('20090512205121')[0m
  [4;35;1mSQL (3.0ms)[0m   [0mINSERT INTO "schema_migrations" (version) VALUES ('20090415160836')[0m
  [4;36;1mSQL (3.1ms)[0m   [0;1mINSERT INTO "schema_migrations" (version) VALUES ('20090415161859')[0m
  [4;35;1mSQL (1.8ms)[0m   [0mINSERT INTO "schema_migrations" (version) VALUES ('20090423174225')[0m
  [4;36;1mSQL (2.4ms)[0m   [0;1mINSERT INTO "schema_migrations" (version) VALUES ('20090512161752')[0m
